#
# There is insufficient memory for the Java Runtime Environment to continue.
# Native memory allocation (malloc) failed to allocate 1048576 bytes for AllocateHeap
# Possible reasons:
#   The system is out of physical RAM or swap space
#   In 32 bit mode, the process size limit was hit
# Possible solutions:
#   Reduce memory load on the system
#   Increase physical memory or swap space
#   Check if swap backing store is full
#   Use 64 bit Java on a 64 bit OS
#   Decrease Java heap size (-Xmx/-Xms)
#   Decrease number of Java threads
#   Decrease Java thread stack sizes (-Xss)
#   Set larger code cache with -XX:ReservedCodeCacheSize=
# This output file may be truncated or incomplete.
#
#  Out of Memory Error (memory/allocation.inline.hpp:61), pid=10108, tid=13156
#
# JRE version:  (8.0_65-b17) (build )
# Java VM: Java HotSpot(TM) 64-Bit Server VM (25.65-b01 mixed mode windows-amd64 compressed oops)
# Failed to write core dump. Minidumps are not enabled by default on client versions of Windows
#

---------------  T H R E A D  ---------------

Current thread (0x0000000002380800):  JavaThread "Unknown thread" [_thread_in_vm, id=13156, stack(0x0000000002230000,0x0000000002330000)]

Stack: [0x0000000002230000,0x0000000002330000]
[error occurred during error reporting (printing stack bounds), id 0xc0000005]

Native frames: (J=compiled Java code, j=interpreted, Vv=VM code, C=native code)


---------------  P R O C E S S  ---------------

Java Threads: ( => current thread )

Other Threads:

=>0x0000000002380800 (exited) JavaThread "Unknown thread" [_thread_in_vm, id=13156, stack(0x0000000002230000,0x0000000002330000)]

VM state:not at safepoint (normal execution)

VM Mutex/Monitor currently owned by a thread: None

Heap:
 PSYoungGen      total 38400K, used 665K [0x00000000d5b80000, 0x00000000d8600000, 0x0000000100000000)
  eden space 33280K, 2% used [0x00000000d5b80000,0x00000000d5c26670,0x00000000d7c00000)
  from space 5120K, 0% used [0x00000000d8100000,0x00000000d8100000,0x00000000d8600000)
  to   space 5120K, 0% used [0x00000000d7c00000,0x00000000d7c00000,0x00000000d8100000)
 ParOldGen       total 87552K, used 0K [0x0000000081200000, 0x0000000086780000, 0x00000000d5b80000)
  object space 87552K, 0% used [0x0000000081200000,0x0000000081200000,0x0000000086780000)
 Metaspace       used 767K, capacity 4480K, committed 4480K, reserved 1056768K
  class space    used 75K, capacity 384K, committed 384K, reserved 1048576K

Card table byte_map: [0x0000000011840000,0x0000000011c40000] byte_map_base: 0x0000000011437000

Marking Bits: (ParMarkBitMap*) 0x00000000721aa5b0
 Begin Bits: [0x00000000122f0000, 0x00000000142a8000)
 End Bits:   [0x00000000142a8000, 0x0000000016260000)

Polling page: 0x0000000000a50000

CodeCache: size=245760Kb used=328Kb max_used=328Kb free=245431Kb
 bounds [0x0000000002480000, 0x00000000026f0000, 0x0000000011480000]
 total_blobs=57 nmethods=0 adapters=37
 compilation: enabled

Compilation events (0 events):
No events

GC Heap History (0 events):
No events

Deoptimization events (0 events):
No events

Internal exceptions (0 events):
No events

Events (10 events):
Event: 0.017 loading class java/lang/Short
Event: 0.017 loading class java/lang/Short done
Event: 0.017 loading class java/lang/Integer
Event: 0.018 loading class java/lang/Integer done
Event: 0.018 loading class java/lang/Long
Event: 0.018 loading class java/lang/Long done
Event: 0.018 loading class java/lang/NullPointerException
Event: 0.018 loading class java/lang/NullPointerException done
Event: 0.018 loading class java/lang/ArithmeticException
Event: 0.018 loading class java/lang/ArithmeticException done


Dynamic libraries:
0x00007ff794bf0000 - 0x00007ff794c27000 	C:\Program Files\Java\jdk1.8.0_65\bin\java.exe
0x00007ffde2f60000 - 0x00007ffde3122000 	C:\WINDOWS\SYSTEM32\ntdll.dll
0x00007ffde0630000 - 0x00007ffde06dd000 	C:\WINDOWS\system32\KERNEL32.DLL
0x00007ffddfb30000 - 0x00007ffddfd0d000 	C:\WINDOWS\system32\KERNELBASE.dll
0x00007ffde27f0000 - 0x00007ffde2896000 	C:\WINDOWS\system32\ADVAPI32.dll
0x00007ffde0750000 - 0x00007ffde07ed000 	C:\WINDOWS\system32\msvcrt.dll
0x00007ffde1200000 - 0x00007ffde125b000 	C:\WINDOWS\system32\sechost.dll
0x00007ffde10d0000 - 0x00007ffde11f6000 	C:\WINDOWS\system32\RPCRT4.dll
0x00007ffde0930000 - 0x00007ffde0a7e000 	C:\WINDOWS\system32\USER32.dll
0x00007ffde2b80000 - 0x00007ffde2d06000 	C:\WINDOWS\system32\GDI32.dll
0x00007ffdd2960000 - 0x00007ffdd2bd4000 	C:\WINDOWS\WinSxS\amd64_microsoft.windows.common-controls_6595b64144ccf1df_6.0.10240.16384_none_f41f7b285750ef43\COMCTL32.dll
0x00007ffde2e70000 - 0x00007ffde2ea6000 	C:\WINDOWS\system32\IMM32.DLL
0x00007ffde2d10000 - 0x00007ffde2e6c000 	C:\WINDOWS\system32\MSCTF.dll
0x00000000718c0000 - 0x0000000071992000 	C:\Program Files\Java\jdk1.8.0_65\jre\bin\msvcr100.dll
0x00000000719a0000 - 0x0000000072229000 	C:\Program Files\Java\jdk1.8.0_65\jre\bin\server\jvm.dll
0x00007ffde0a80000 - 0x00007ffde0a88000 	C:\WINDOWS\system32\PSAPI.DLL
0x00007ffddc980000 - 0x00007ffddc989000 	C:\WINDOWS\SYSTEM32\WSOCK32.dll
0x00007ffdd8360000 - 0x00007ffdd836a000 	C:\WINDOWS\SYSTEM32\VERSION.dll
0x00007ffddd630000 - 0x00007ffddd653000 	C:\WINDOWS\SYSTEM32\WINMM.dll
0x00007ffde0d30000 - 0x00007ffde0d99000 	C:\WINDOWS\system32\WS2_32.dll
0x00007ffde0f70000 - 0x00007ffde0f78000 	C:\WINDOWS\system32\NSI.dll
0x00007ffddd600000 - 0x00007ffddd62c000 	C:\WINDOWS\SYSTEM32\WINMMBASE.dll
0x00007ffddfae0000 - 0x00007ffddfb24000 	C:\WINDOWS\system32\cfgmgr32.dll
0x00007ffdde300000 - 0x00007ffdde327000 	C:\WINDOWS\SYSTEM32\DEVOBJ.dll
0x0000000071870000 - 0x000000007187f000 	C:\Program Files\Java\jdk1.8.0_65\jre\bin\verify.dll
0x0000000071840000 - 0x0000000071869000 	C:\Program Files\Java\jdk1.8.0_65\jre\bin\java.dll
0x0000000071820000 - 0x0000000071836000 	C:\Program Files\Java\jdk1.8.0_65\jre\bin\zip.dll

VM Arguments:
jvm_args: -Dfile.encoding=UTF-8 
java_command: Database
java_class_path (initial): C:\Users\osdag\Downloads\mysql-connector-java-5.1.38\mysql-connector-java-5.1.38\mysql-connector-java-5.1.38-bin.jar;C:\Users\osdag\Documents\VIDEOJUEGOS\PRIMER MES\Marmota1\build\classes
Launcher Type: SUN_STANDARD

Environment Variables:
PATH=C:\ProgramData\Oracle\Java\javapath;C:\WINDOWS\system32;C:\WINDOWS;C:\WINDOWS\System32\Wbem;C:\WINDOWS\System32\WindowsPowerShell\v1.0\;C:\Program Files (x86)\Skype\Phone\;C:\Program Files (x86)\GtkSharp\2.12\bin;C:\Android;C:\Windows\System32;C:\Program Files (x86)\MySQL\MySQL Fabric 1.5 & MySQL Utilities 1.5\;C:\Program Files (x86)\MySQL\MySQL Fabric 1.5 & MySQL Utilities 1.5\Doctrine extensions for PHP\;C:\ProgramData\chocolatey\bin;C:\Program Files\Git\cmd;
USERNAME=osdag
OS=Windows_NT
PROCESSOR_IDENTIFIER=Intel64 Family 6 Model 78 Stepping 3, GenuineIntel



---------------  S Y S T E M  ---------------

OS: Windows 10.0 , 64 bit Build 10240 (10.0.10240.16384)

CPU:total 4 (2 cores per cpu, 2 threads per core) family 6 model 78 stepping 3, cmov, cx8, fxsr, mmx, sse, sse2, sse3, ssse3, sse4.1, sse4.2, popcnt, avx, avx2, aes, clmul, erms, rtm, 3dnowpref, lzcnt, ht, tsc, tscinvbit, bmi1, bmi2, adx

Memory: 4k page, physical 8310720k(3221604k free), swap 33476544k(5256k free)

vm_info: Java HotSpot(TM) 64-Bit Server VM (25.65-b01) for windows-amd64 JRE (1.8.0_65-b17), built on Oct  6 2015 16:39:20 by "java_re" with MS VC++ 10.0 (VS2010)

time: Sat Feb 20 17:08:03 2016
elapsed time: 0 seconds (0d 0h 0m 0s)

